Source file: progs.src
outputfile: ../progs.dat
compiling defs.qc
compiling subs.qc
compiling items.qc
compiling weapons.qc
compiling world.qc
compiling client.qc
compiling player.qc
compiling doors.qc
compiling buttons.qc
compiling triggers.qc
compiling plats.qc
compiling misc.qc
compiling server.qc
Recognised progs as NetQuake server gamecode
Progs should run on any Quake executor
defs.qc:397: warning: movedist  no references
defs.qc:401: warning: empty_float  no references
defs.qc:403: warning: newmis  no references
defs.qc:417: warning: wad  no references
defs.qc:428: warning: light_lev  no references
defs.qc:435: warning: th_stand  no references
defs.qc:436: warning: th_walk  no references
defs.qc:437: warning: th_run  no references
defs.qc:438: warning: th_missile  no references
defs.qc:439: warning: th_melee  no references
defs.qc:440: warning: th_pain  no references
defs.qc:443: warning: oldenemy  no references
defs.qc:447: warning: lefty  no references
defs.qc:449: warning: search_time  no references
defs.qc:450: warning: attack_state  no references
defs.qc:463: warning: pain_finished  no references
defs.qc:470: warning: invincible_sound  no references
defs.qc:471: warning: invisible_time  no references
defs.qc:471: warning: invisible_sound  no references
defs.qc:472: warning: super_time  no references
defs.qc:472: warning: super_sound  no references
defs.qc:473: warning: rad_time  no references
defs.qc:476: warning: axhitme  no references
defs.qc:482: warning: swim_flag  no references
defs.qc:484: warning: bubble_count  no references
defs.qc:485: warning: deathtype  no references
defs.qc:501: warning: dest  no references
defs.qc:501: warning: dest1  no references
defs.qc:501: warning: dest2  no references
defs.qc:505: warning: noise4  no references
defs.qc:511: warning: movetarget  no references
defs.qc:517: warning: aflag  no references
defs.qc:548: warning: waitmin  no references
defs.qc:548: warning: waitmax  no references
defs.qc:549: warning: distance  no references
defs.qc:550: warning: volume  no references
defs.qc:689: warning: chargefull  no references
weapons.qc:104: warning: r  no references
world.qc:297: warning: e  no references
client.qc:219: warning: pos  no references
client.qc:334: warning: thing  no references
client.qc:335: warning: pcount  no references
client.qc:544: warning: old_self  no references
client.qc:579: warning: start  no references
client.qc:579: warning: end  no references
client.qc:695: warning: mspeed  no references
client.qc:695: warning: aspeed  no references
client.qc:696: warning: r  no references
client.qc:749: warning: mspeed  no references
client.qc:749: warning: aspeed  no references
client.qc:750: warning: r  no references
player.qc:203: warning: i  no references
buttons.qc:88: warning: gtemp  no references
buttons.qc:88: warning: ftemp  no references
triggers.qc:2: warning: stemp  no references
triggers.qc:2: warning: otemp  no references
triggers.qc:2: warning: old  no references
triggers.qc:211: warning: junk  no references
plats.qc:149: warning: t  no references
 17672 strofs (of 1000000)
  3324 numstatements (of 524288)
   237 numfunctions (of 16384)
  1002 numglobaldefs (of 32768)
   219 numfielddefs (196 unique) (of 2048)
  1000 numpr_globals (of 65536)
Writing ../progs.dat
 66752 TOTAL SIZE
Writing ../progs.lno
  9 unique precache_sounds
  1 unique precache_models
 41 unique precache_files
Compile Complete

optres_shortenifnots 42
optres_overlaptemps 1860
optres_constantarithmatic 11
optres_nonvec_parms 379
optres_assignments 105
optres_unreferenced 87
optres_dupconstdefs 86
numtemps 43
59 warnings
